C:\USERS\WILLIAM_2\DOCUMENTS\VISUAL STUDIO 2012\PROJECTS\LIGHTINGLAB\LIGHTINGLAB\SHADERLAB\DEBUG\FPSCAMERA.OBJ
C:\USERS\WILLIAM_2\DOCUMENTS\VISUAL STUDIO 2012\PROJECTS\LIGHTINGLAB\LIGHTINGLAB\SHADERLAB\DEBUG\LIGHT.OBJ
C:\USERS\WILLIAM_2\DOCUMENTS\VISUAL STUDIO 2012\PROJECTS\LIGHTINGLAB\LIGHTINGLAB\SHADERLAB\DEBUG\MAIN.OBJ
C:\USERS\WILLIAM_2\DOCUMENTS\VISUAL STUDIO 2012\PROJECTS\LIGHTINGLAB\LIGHTINGLAB\SHADERLAB\DEBUG\MATHHELPER.OBJ
C:\USERS\WILLIAM_2\DOCUMENTS\VISUAL STUDIO 2012\PROJECTS\LIGHTINGLAB\LIGHTINGLAB\SHADERLAB\DEBUG\MODEL.OBJ
C:\USERS\WILLIAM_2\DOCUMENTS\VISUAL STUDIO 2012\PROJECTS\LIGHTINGLAB\LIGHTINGLAB\SHADERLAB\DEBUG\SHADER.OBJ
C:\USERS\WILLIAM_2\DOCUMENTS\VISUAL STUDIO 2012\PROJECTS\LIGHTINGLAB\LIGHTINGLAB\SHADERLAB\DEBUG\VC110.PDB
C:\USERS\WILLIAM_2\DOCUMENTS\VISUAL STUDIO 2012\PROJECTS\LIGHTINGLAB\LIGHTINGLAB\DEBUG\LIGHTINGLAB.ILK
C:\USERS\WILLIAM_2\DOCUMENTS\VISUAL STUDIO 2012\PROJECTS\LIGHTINGLAB\LIGHTINGLAB\DEBUG\LIGHTINGLAB.EXE
C:\USERS\WILLIAM_2\DOCUMENTS\VISUAL STUDIO 2012\PROJECTS\LIGHTINGLAB\LIGHTINGLAB\DEBUG\LIGHTINGLAB.PDB
C:\Users\William_2\Documents\Visual Studio 2012\Projects\LightingLab\LightingLab\ShaderLab\Debug\FPSCamera.obj
C:\Users\William_2\Documents\Visual Studio 2012\Projects\LightingLab\LightingLab\ShaderLab\Debug\Light.obj
C:\Users\William_2\Documents\Visual Studio 2012\Projects\LightingLab\LightingLab\ShaderLab\Debug\main.obj
C:\Users\William_2\Documents\Visual Studio 2012\Projects\LightingLab\LightingLab\ShaderLab\Debug\MathHelper.obj
C:\Users\William_2\Documents\Visual Studio 2012\Projects\LightingLab\LightingLab\ShaderLab\Debug\Model.obj
C:\Users\William_2\Documents\Visual Studio 2012\Projects\LightingLab\LightingLab\ShaderLab\Debug\Shader.obj
C:\Users\William_2\Documents\Visual Studio 2012\Projects\LightingLab\LightingLab\ShaderLab\Debug\cl.command.1.tlog
C:\Users\William_2\Documents\Visual Studio 2012\Projects\LightingLab\LightingLab\ShaderLab\Debug\CL.read.1.tlog
C:\Users\William_2\Documents\Visual Studio 2012\Projects\LightingLab\LightingLab\ShaderLab\Debug\CL.write.1.tlog
C:\Users\William_2\Documents\Visual Studio 2012\Projects\LightingLab\LightingLab\ShaderLab\Debug\link-cvtres.read.1.tlog
C:\Users\William_2\Documents\Visual Studio 2012\Projects\LightingLab\LightingLab\ShaderLab\Debug\link-cvtres.write.1.tlog
C:\Users\William_2\Documents\Visual Studio 2012\Projects\LightingLab\LightingLab\ShaderLab\Debug\link-rc.read.1.tlog
C:\Users\William_2\Documents\Visual Studio 2012\Projects\LightingLab\LightingLab\ShaderLab\Debug\link-rc.write.1.tlog
C:\Users\William_2\Documents\Visual Studio 2012\Projects\LightingLab\LightingLab\ShaderLab\Debug\link.command.1.tlog
C:\Users\William_2\Documents\Visual Studio 2012\Projects\LightingLab\LightingLab\ShaderLab\Debug\link.read.1.tlog
C:\Users\William_2\Documents\Visual Studio 2012\Projects\LightingLab\LightingLab\ShaderLab\Debug\link.write.1.tlog
C:\Users\William_2\Documents\Visual Studio 2012\Projects\LightingLab\LightingLab\ShaderLab\Debug\vc110.idb
C:\Users\William_2\Documents\Visual Studio 2012\Projects\LightingLab\LightingLab\ShaderLab\Debug\vc110.pdb
C:\Users\William_2\Documents\Visual Studio 2012\Projects\LightingLab\LightingLab\Debug\LightingLab.pdb
C:\Users\William_2\Documents\Visual Studio 2012\Projects\LightingLab\LightingLab\Debug\LightingLab.exe
C:\Users\William_2\Documents\Visual Studio 2012\Projects\LightingLab\LightingLab\Debug\LightingLab.ilk
